# JRE version: Java(TM) SE Runtime Environment (17.0.9+11) (build 17.0.9+11-LTS-201)
# Java VM: Java HotSpot(TM) 64-Bit Server VM (17.0.9+11-LTS-201, mixed mode, sharing, tiered, compressed oops, compressed class ptrs, g1 gc, windows-amd64)
GC Precious Log:
 CPUs: 8 total, 8 available
 Memory: 3446M
 Large Page Support: Disabled
 NUMA Support: Disabled
 Compressed Oops: Enabled (32-bit)
 Heap Region Size: 1M
 Heap Min Capacity: 8M
 Heap Initial Capacity: 54M
 Heap Max Capacity: 862M
 Pre-touch: Disabled
 Parallel Workers: 8
 Concurrent Workers: 2
 Concurrent Refinement Workers: 8
 Periodic GC: Disabled
Heap:
 garbage-first heap   total 55296K, used 34507K [0x00000000ca200000, 0x0000000100000000)
  region size 1024K, 24 young (24576K), 2 survivors (2048K)
 Metaspace       used 16013K, committed 16192K, reserved 1114112K
  class space    used 1859K, committed 1920K, reserved 1048576K
GC Heap History (10 events):
Event: 5.080 GC heap before
{Heap before GC invocations=0 (full 0):
 garbage-first heap   total 55296K, used 22528K [0x00000000ca200000, 0x0000000100000000)
  region size 1024K, 23 young (23552K), 0 survivors (0K)
 Metaspace       used 5496K, committed 5696K, reserved 1114112K
  class space    used 654K, committed 768K, reserved 1048576K
}
Event: 5.108 GC heap after
{Heap after GC invocations=1 (full 0):
 garbage-first heap   total 55296K, used 3763K [0x00000000ca200000, 0x0000000100000000)
  region size 1024K, 3 young (3072K), 3 survivors (3072K)
 Metaspace       used 5496K, committed 5696K, reserved 1114112K
  class space    used 654K, committed 768K, reserved 1048576K
}
Event: 7.660 GC heap before
{Heap before GC invocations=1 (full 0):
 garbage-first heap   total 55296K, used 27315K [0x00000000ca200000, 0x0000000100000000)
  region size 1024K, 26 young (26624K), 3 survivors (3072K)
 Metaspace       used 8467K, committed 8640K, reserved 1114112K
  class space    used 1015K, committed 1088K, reserved 1048576K
}
Event: 7.673 GC heap after
{Heap after GC invocations=2 (full 0):
 garbage-first heap   total 55296K, used 5120K [0x00000000ca200000, 0x0000000100000000)
  region size 1024K, 2 young (2048K), 2 survivors (2048K)
 Metaspace       used 8467K, committed 8640K, reserved 1114112K
  class space    used 1015K, committed 1088K, reserved 1048576K
}
Event: 11.663 GC heap before
{Heap before GC invocations=2 (full 0):
 garbage-first heap   total 55296K, used 31744K [0x00000000ca200000, 0x0000000100000000)
  region size 1024K, 28 young (28672K), 2 survivors (2048K)
 Metaspace       used 13373K, committed 13504K, reserved 1114112K
  class space    used 1641K, committed 1728K, reserved 1048576K
}
Event: 11.682 GC heap after
{Heap after GC invocations=3 (full 0):
 garbage-first heap   total 55296K, used 7333K [0x00000000ca200000, 0x0000000100000000)
  region size 1024K, 4 young (4096K), 4 survivors (4096K)
 Metaspace       used 13373K, committed 13504K, reserved 1114112K
  class space    used 1641K, committed 1728K, reserved 1048576K
}
Event: 13.740 GC heap before
{Heap before GC invocations=3 (full 0):
 garbage-first heap   total 55296K, used 36005K [0x00000000ca200000, 0x0000000100000000)
  region size 1024K, 32 young (32768K), 4 survivors (4096K)
 Metaspace       used 15281K, committed 15488K, reserved 1114112K
  class space    used 1834K, committed 1920K, reserved 1048576K
}
Event: 13.771 GC heap after
{Heap after GC invocations=4 (full 0):
 garbage-first heap   total 55296K, used 11312K [0x00000000ca200000, 0x0000000100000000)
  region size 1024K, 4 young (4096K), 4 survivors (4096K)
 Metaspace       used 15281K, committed 15488K, reserved 1114112K
  class space    used 1834K, committed 1920K, reserved 1048576K
}
Event: 15.005 GC heap before
{Heap before GC invocations=4 (full 0):
 garbage-first heap   total 55296K, used 35888K [0x00000000ca200000, 0x0000000100000000)
  region size 1024K, 29 young (29696K), 4 survivors (4096K)
 Metaspace       used 15542K, committed 15744K, reserved 1114112K
  class space    used 1839K, committed 1920K, reserved 1048576K
}
Event: 15.024 GC heap after
{Heap after GC invocations=5 (full 0):
 garbage-first heap   total 55296K, used 13003K [0x00000000ca200000, 0x0000000100000000)
  region size 1024K, 2 young (2048K), 2 survivors (2048K)
 Metaspace       used 15542K, committed 15744K, reserved 1114112K
  class space    used 1839K, committed 1920K, reserved 1048576K
}

