# JRE version: Java(TM) SE Runtime Environment (17.0.9+11) (build 17.0.9+11-LTS-201)
# Java VM: Java HotSpot(TM) 64-Bit Server VM (17.0.9+11-LTS-201, mixed mode, sharing, tiered, compressed oops, compressed class ptrs, g1 gc, windows-amd64)
GC Precious Log:
 CPUs: 8 total, 8 available
 Memory: 3446M
 Large Page Support: Disabled
 NUMA Support: Disabled
 Compressed Oops: Enabled (32-bit)
 Heap Region Size: 1M
 Heap Min Capacity: 8M
 Heap Initial Capacity: 54M
 Heap Max Capacity: 862M
 Pre-touch: Disabled
 Parallel Workers: 8
 Concurrent Workers: 2
 Concurrent Refinement Workers: 8
 Periodic GC: Disabled
Heap:
 garbage-first heap   total 55296K, used 23754K [0x00000000ca200000, 0x0000000100000000)
  region size 1024K, 15 young (15360K), 4 survivors (4096K)
 Metaspace       used 16913K, committed 17152K, reserved 1114112K
  class space    used 1954K, committed 2048K, reserved 1048576K
GC Heap History (12 events):
Event: 9.193 GC heap before
{Heap before GC invocations=0 (full 0):
 garbage-first heap   total 55296K, used 22528K [0x00000000ca200000, 0x0000000100000000)
  region size 1024K, 23 young (23552K), 0 survivors (0K)
 Metaspace       used 5517K, committed 5696K, reserved 1114112K
  class space    used 656K, committed 768K, reserved 1048576K
}
Event: 9.220 GC heap after
{Heap after GC invocations=1 (full 0):
 garbage-first heap   total 55296K, used 3760K [0x00000000ca200000, 0x0000000100000000)
  region size 1024K, 3 young (3072K), 3 survivors (3072K)
 Metaspace       used 5517K, committed 5696K, reserved 1114112K
  class space    used 656K, committed 768K, reserved 1048576K
}
Event: 14.971 GC heap before
{Heap before GC invocations=1 (full 0):
 garbage-first heap   total 55296K, used 26288K [0x00000000ca200000, 0x0000000100000000)
  region size 1024K, 26 young (26624K), 3 survivors (3072K)
 Metaspace       used 8487K, committed 8640K, reserved 1114112K
  class space    used 1018K, committed 1088K, reserved 1048576K
}
Event: 14.986 GC heap after
{Heap after GC invocations=2 (full 0):
 garbage-first heap   total 55296K, used 5123K [0x00000000ca200000, 0x0000000100000000)
  region size 1024K, 2 young (2048K), 2 survivors (2048K)
 Metaspace       used 8487K, committed 8640K, reserved 1114112K
  class space    used 1018K, committed 1088K, reserved 1048576K
}
Event: 20.699 GC heap before
{Heap before GC invocations=2 (full 0):
 garbage-first heap   total 55296K, used 31747K [0x00000000ca200000, 0x0000000100000000)
  region size 1024K, 28 young (28672K), 2 survivors (2048K)
 Metaspace       used 13436K, committed 13632K, reserved 1114112K
  class space    used 1647K, committed 1728K, reserved 1048576K
}
Event: 20.716 GC heap after
{Heap after GC invocations=3 (full 0):
 garbage-first heap   total 55296K, used 7336K [0x00000000ca200000, 0x0000000100000000)
  region size 1024K, 4 young (4096K), 4 survivors (4096K)
 Metaspace       used 13436K, committed 13632K, reserved 1114112K
  class space    used 1647K, committed 1728K, reserved 1048576K
}
Event: 24.612 GC heap before
{Heap before GC invocations=3 (full 0):
 garbage-first heap   total 55296K, used 36008K [0x00000000ca200000, 0x0000000100000000)
  region size 1024K, 32 young (32768K), 4 survivors (4096K)
 Metaspace       used 15328K, committed 15488K, reserved 1114112K
  class space    used 1837K, committed 1920K, reserved 1048576K
}
Event: 24.645 GC heap after
{Heap after GC invocations=4 (full 0):
 garbage-first heap   total 55296K, used 11146K [0x00000000ca200000, 0x0000000100000000)
  region size 1024K, 4 young (4096K), 4 survivors (4096K)
 Metaspace       used 15328K, committed 15488K, reserved 1114112K
  class space    used 1837K, committed 1920K, reserved 1048576K
}
Event: 26.926 GC heap before
{Heap before GC invocations=4 (full 0):
 garbage-first heap   total 55296K, used 35722K [0x00000000ca200000, 0x0000000100000000)
  region size 1024K, 29 young (29696K), 4 survivors (4096K)
 Metaspace       used 15627K, committed 15808K, reserved 1114112K
  class space    used 1843K, committed 1920K, reserved 1048576K
}
Event: 26.944 GC heap after
{Heap after GC invocations=5 (full 0):
 garbage-first heap   total 55296K, used 13015K [0x00000000ca200000, 0x0000000100000000)
  region size 1024K, 2 young (2048K), 2 survivors (2048K)
 Metaspace       used 15627K, committed 15808K, reserved 1114112K
  class space    used 1843K, committed 1920K, reserved 1048576K
}
Event: 31.771 GC heap before
{Heap before GC invocations=5 (full 0):
 garbage-first heap   total 55296K, used 39639K [0x00000000ca200000, 0x0000000100000000)
  region size 1024K, 28 young (28672K), 2 survivors (2048K)
 Metaspace       used 16144K, committed 16320K, reserved 1114112K
  class space    used 1862K, committed 1920K, reserved 1048576K
}
Event: 31.785 GC heap after
{Heap after GC invocations=6 (full 0):
 garbage-first heap   total 55296K, used 14538K [0x00000000ca200000, 0x0000000100000000)
  region size 1024K, 4 young (4096K), 4 survivors (4096K)
 Metaspace       used 16144K, committed 16320K, reserved 1114112K
  class space    used 1862K, committed 1920K, reserved 1048576K
}

