# JRE version: Java(TM) SE Runtime Environment (17.0.9+11) (build 17.0.9+11-LTS-201)
# Java VM: Java HotSpot(TM) 64-Bit Server VM (17.0.9+11-LTS-201, mixed mode, sharing, tiered, compressed oops, compressed class ptrs, g1 gc, windows-amd64)
GC Precious Log:
 CPUs: 8 total, 8 available
 Memory: 3446M
 Large Page Support: Disabled
 NUMA Support: Disabled
 Compressed Oops: Enabled (32-bit)
 Heap Region Size: 1M
 Heap Min Capacity: 8M
 Heap Initial Capacity: 54M
 Heap Max Capacity: 862M
 Pre-touch: Disabled
 Parallel Workers: 8
 Concurrent Workers: 2
 Concurrent Refinement Workers: 8
 Periodic GC: Disabled
Heap:
 garbage-first heap   total 51200K, used 19186K [0x00000000ca200000, 0x0000000100000000)
  region size 1024K, 9 young (9216K), 4 survivors (4096K)
 Metaspace       used 25547K, committed 25792K, reserved 1114112K
  class space    used 3284K, committed 3392K, reserved 1048576K
GC Heap History (12 events):
Event: 4.422 GC heap before
{Heap before GC invocations=0 (full 0):
 garbage-first heap   total 55296K, used 23552K [0x00000000ca200000, 0x0000000100000000)
  region size 1024K, 23 young (23552K), 0 survivors (0K)
 Metaspace       used 5436K, committed 5568K, reserved 1114112K
  class space    used 661K, committed 704K, reserved 1048576K
}
Event: 4.495 GC heap after
{Heap after GC invocations=1 (full 0):
 garbage-first heap   total 55296K, used 8363K [0x00000000ca200000, 0x0000000100000000)
  region size 1024K, 3 young (3072K), 3 survivors (3072K)
 Metaspace       used 5436K, committed 5568K, reserved 1114112K
  class space    used 661K, committed 704K, reserved 1048576K
}
Event: 7.839 GC heap before
{Heap before GC invocations=1 (full 0):
 garbage-first heap   total 55296K, used 27819K [0x00000000ca200000, 0x0000000100000000)
  region size 1024K, 22 young (22528K), 3 survivors (3072K)
 Metaspace       used 10339K, committed 10560K, reserved 1114112K
  class space    used 1295K, committed 1408K, reserved 1048576K
}
Event: 7.854 GC heap after
{Heap after GC invocations=2 (full 0):
 garbage-first heap   total 55296K, used 9480K [0x00000000ca200000, 0x0000000100000000)
  region size 1024K, 2 young (2048K), 2 survivors (2048K)
 Metaspace       used 10339K, committed 10560K, reserved 1114112K
  class space    used 1295K, committed 1408K, reserved 1048576K
}
Event: 10.860 GC heap before
{Heap before GC invocations=2 (full 0):
 garbage-first heap   total 55296K, used 28936K [0x00000000ca200000, 0x0000000100000000)
  region size 1024K, 22 young (22528K), 2 survivors (2048K)
 Metaspace       used 15070K, committed 15296K, reserved 1114112K
  class space    used 1909K, committed 1984K, reserved 1048576K
}
Event: 10.869 GC heap after
{Heap after GC invocations=3 (full 0):
 garbage-first heap   total 55296K, used 10705K [0x00000000ca200000, 0x0000000100000000)
  region size 1024K, 3 young (3072K), 3 survivors (3072K)
 Metaspace       used 15070K, committed 15296K, reserved 1114112K
  class space    used 1909K, committed 1984K, reserved 1048576K
}
Event: 12.495 GC heap before
{Heap before GC invocations=3 (full 0):
 garbage-first heap   total 55296K, used 32209K [0x00000000ca200000, 0x0000000100000000)
  region size 1024K, 25 young (25600K), 3 survivors (3072K)
 Metaspace       used 19501K, committed 19776K, reserved 1114112K
  class space    used 2452K, committed 2560K, reserved 1048576K
}
Event: 12.503 GC heap after
{Heap after GC invocations=4 (full 0):
 garbage-first heap   total 55296K, used 11892K [0x00000000ca200000, 0x0000000100000000)
  region size 1024K, 3 young (3072K), 3 survivors (3072K)
 Metaspace       used 19501K, committed 19776K, reserved 1114112K
  class space    used 2452K, committed 2560K, reserved 1048576K
}
Event: 14.509 GC heap before
{Heap before GC invocations=4 (full 0):
 garbage-first heap   total 55296K, used 32372K [0x00000000ca200000, 0x0000000100000000)
  region size 1024K, 24 young (24576K), 3 survivors (3072K)
 Metaspace       used 21312K, committed 21504K, reserved 1114112K
  class space    used 2698K, committed 2816K, reserved 1048576K
}
Event: 14.520 GC heap after
{Heap after GC invocations=5 (full 0):
 garbage-first heap   total 55296K, used 13336K [0x00000000ca200000, 0x0000000100000000)
  region size 1024K, 3 young (3072K), 3 survivors (3072K)
 Metaspace       used 21312K, committed 21504K, reserved 1114112K
  class space    used 2698K, committed 2816K, reserved 1048576K
}
Event: 17.302 GC heap before
{Heap before GC invocations=6 (full 0):
 garbage-first heap   total 51200K, used 37912K [0x00000000ca200000, 0x0000000100000000)
  region size 1024K, 27 young (27648K), 3 survivors (3072K)
 Metaspace       used 25081K, committed 25344K, reserved 1114112K
  class space    used 3219K, committed 3328K, reserved 1048576K
}
Event: 17.327 GC heap after
{Heap after GC invocations=7 (full 0):
 garbage-first heap   total 51200K, used 15090K [0x00000000ca200000, 0x0000000100000000)
  region size 1024K, 4 young (4096K), 4 survivors (4096K)
 Metaspace       used 25081K, committed 25344K, reserved 1114112K
  class space    used 3219K, committed 3328K, reserved 1048576K
}

